<?xml version="1.0" encoding="UTF-8"?>
<!-- Generated by org.testng.reporters.JUnitReportReporter -->
<testsuite skipped="0" hostname="Oleseas-MacBook-Pro.local" name="com.qa.hubspot.tests.HomePageTest" tests="3" failures="0" timestamp="26 Aug 2020 16:40:06 GMT" time="2.614" errors="0">
  <testcase name="verifyHomePageHeaderTest" time="2.391" classname="com.qa.hubspot.tests.HomePageTest"/>
  <testcase name="verifyHomepageTitleTest" time="0.033" classname="com.qa.hubspot.tests.HomePageTest"/>
  <testcase name="verifyLoginUserTest" time="0.190" classname="com.qa.hubspot.tests.HomePageTest"/>
</testsuite> <!-- com.qa.hubspot.tests.HomePageTest -->
