<?xml version="1.0" encoding="UTF-8"?>
<!-- Generated by org.testng.reporters.JUnitReportReporter -->
<testsuite skipped="0" hostname="Oleseas-MacBook-Pro.local" name="com.qa.hubspot.tests.LoginPageTest" tests="3" failures="0" timestamp="26 Aug 2020 16:40:06 GMT" time="5.571" errors="0">
  <testcase name="verifySighUpLinkTest" time="4.778" classname="com.qa.hubspot.tests.LoginPageTest"/>
  <testcase name="verifyloginPageTitleTest" time="0.025" classname="com.qa.hubspot.tests.LoginPageTest"/>
  <testcase name="loginTest" time="0.768" classname="com.qa.hubspot.tests.LoginPageTest"/>
</testsuite> <!-- com.qa.hubspot.tests.LoginPageTest -->
