<?xml version="1.0" encoding="UTF-8"?>
<!-- Generated by org.testng.reporters.JUnitReportReporter -->
<testsuite skipped="0" hostname="Oleseas-MBP.hsd1.ca.comcast.net" name="com.qa.hubspot.tests.HomePageTest" tests="3" failures="0" timestamp="29 Aug 2020 20:11:26 GMT" time="14.735" errors="0">
  <testcase name="verifyHomePageHeaderTest" time="14.517" classname="com.qa.hubspot.tests.HomePageTest"/>
  <testcase name="verifyHomepageTitleTest" time="0.007" classname="com.qa.hubspot.tests.HomePageTest"/>
  <testcase name="verifyLoginUserTest" time="0.211" classname="com.qa.hubspot.tests.HomePageTest"/>
</testsuite> <!-- com.qa.hubspot.tests.HomePageTest -->
