<?xml version="1.0" encoding="UTF-8"?>
<!-- Generated by org.testng.reporters.JUnitReportReporter -->
<testsuite skipped="0" hostname="Oleseas-MacBook-Pro.local" name="com.qa.hubspot.tests.HomePageTest" tests="3" failures="0" timestamp="26 Aug 2020 16:58:28 GMT" time="3.085" errors="0">
  <testcase name="verifyHomePageHeaderTest" time="2.877" classname="com.qa.hubspot.tests.HomePageTest"/>
  <testcase name="verifyHomepageTitleTest" time="0.005" classname="com.qa.hubspot.tests.HomePageTest"/>
  <testcase name="verifyLoginUserTest" time="0.203" classname="com.qa.hubspot.tests.HomePageTest"/>
</testsuite> <!-- com.qa.hubspot.tests.HomePageTest -->
