<?xml version="1.0" encoding="UTF-8"?>
<!-- Generated by org.testng.reporters.JUnitReportReporter -->
<testsuite skipped="0" hostname="Oleseas-MacBook-Pro.local" name="com.qa.hubspot.tests.LoginPageTest" tests="1" failures="0" timestamp="26 Aug 2020 17:44:05 GMT" time="4.858" errors="0">
  <testcase name="verifyloginPageTitleTest" time="4.858" classname="com.qa.hubspot.tests.LoginPageTest"/>
</testsuite> <!-- com.qa.hubspot.tests.LoginPageTest -->
